0 info it worked if it ends with ok
1 verbose cli [ 'node', '/usr/local/bin/npm', 'install', 'https' ]
2 info using npm@1.3.14
3 info using node@v0.8.14
4 warn package.json fs@0.0.1 fs is also the name of a node core module.
5 warn package.json path@0.4.9 path is also the name of a node core module.
6 verbose cache add [ 'https', null ]
7 verbose cache add name=undefined spec="https" args=["https",null]
8 verbose parsed url { pathname: 'https', path: 'https', href: 'https' }
9 silly lockFile c3437dbc-https https
10 verbose lock https /Users/charris/.npm/c3437dbc-https.lock
11 silly lockFile c3437dbc-https https
12 silly lockFile c3437dbc-https https
13 verbose addNamed [ 'https', '' ]
14 verbose addNamed [ null, '*' ]
15 silly lockFile 421d451a-https https@
16 verbose lock https@ /Users/charris/.npm/421d451a-https.lock
17 silly addNameRange { name: 'https', range: '*', hasData: false }
18 verbose url raw https
19 verbose url resolving [ 'https://registry.npmjs.org/', './https' ]
20 verbose url resolved https://registry.npmjs.org/https
21 info trying registry request attempt 1 at 15:31:23
22 http GET https://registry.npmjs.org/https
23 http 404 https://registry.npmjs.org/https
24 silly registry.get cb [ 404,
24 silly registry.get   { date: 'Wed, 11 Jun 2014 22:31:24 GMT',
24 silly registry.get     server: 'CouchDB/1.5.0 (Erlang OTP/R16B03)',
24 silly registry.get     'content-type': 'application/json',
24 silly registry.get     via: '1.1 varnish',
24 silly registry.get     'cache-control': 'max-age=0',
24 silly registry.get     'content-length': '52',
24 silly registry.get     'accept-ranges': 'bytes',
24 silly registry.get     age: '0',
24 silly registry.get     'x-served-by': 'cache-sv95-SJC3, cache-lax1420-LAX',
24 silly registry.get     'x-cache': 'MISS, MISS',
24 silly registry.get     'x-cache-hits': '0, 0',
24 silly registry.get     'x-timer': 'S1402525884.643772,VS0,VE120',
24 silly registry.get     'keep-alive': 'timeout=10, max=50',
24 silly registry.get     connection: 'Keep-Alive' } ]
25 silly lockFile 421d451a-https https@
26 silly lockFile 421d451a-https https@
27 error 404 'https' is not in the npm registry.
27 error 404 You should bug the author to publish it
27 error 404
27 error 404 Note that you can also install from a
27 error 404 tarball, folder, or http url, or git url.
28 error System Darwin 13.1.0
29 error command "node" "/usr/local/bin/npm" "install" "https"
30 error cwd /Applications/Splunk/etc/apps/webperf/bin/node
31 error node -v v0.8.14
32 error npm -v 1.3.14
33 error code E404
34 verbose exit [ 1, true ]
